\BOOKMARK [1][-]{section.1}{سوال اول}{}% 1
\BOOKMARK [2][-]{subsection.1.1}{اندازه}{section.1}% 2
\BOOKMARK [2][-]{subsection.1.2}{گرما}{section.1}% 3
\BOOKMARK [2][-]{subsection.1.3}{توان مصرفی}{section.1}% 4
\BOOKMARK [2][-]{subsection.1.4}{دیرپایی}{section.1}% 5
\BOOKMARK [1][-]{section.2}{سوال دوم}{}% 6
\BOOKMARK [2][-]{subsection.2.1}{الف}{section.2}% 7
\BOOKMARK [3][-]{subsubsection.2.1.1}{کامپیوترهای کوانتومی}{subsection.2.1}% 8
\BOOKMARK [3][-]{subsubsection.2.1.2}{کامپیوترهای بیولوژیکی}{subsection.2.1}% 9
\BOOKMARK [3][-]{subsubsection.2.1.3}{پردازش موازی یا توزیع‌شده}{subsection.2.1}% 10
\BOOKMARK [3][-]{subsubsection.2.1.4}{سخت افزارهای قابل بازپیکربندی}{subsection.2.1}% 11
\BOOKMARK [2][-]{subsection.2.2}{ب}{section.2}% 12
\BOOKMARK [2][-]{subsection.2.3}{ج}{section.2}% 13
\BOOKMARK [1][-]{section.3}{سوال سوم}{}% 14
\BOOKMARK [2][-]{subsection.3.1}{الف}{section.3}% 15
\BOOKMARK [2][-]{subsection.3.2}{ب}{section.3}% 16
\BOOKMARK [2][-]{subsection.3.3}{پ}{section.3}% 17
\BOOKMARK [1][-]{section.4}{سوال چهارم}{}% 18
\BOOKMARK [1][-]{section.5}{سوال پنجم}{}% 19
\BOOKMARK [2][-]{subsection.5.1}{الف}{section.5}% 20
\BOOKMARK [2][-]{subsection.5.2}{ب}{section.5}% 21
\BOOKMARK [2][-]{subsection.5.3}{ج}{section.5}% 22
\BOOKMARK [2][-]{subsection.5.4}{د}{section.5}% 23
\BOOKMARK [2][-]{subsection.5.5}{ه}{section.5}% 24
\BOOKMARK [1][-]{section.6}{سوال ششم}{}% 25
\BOOKMARK [2][-]{subsection.6.1}{الف}{section.6}% 26
\BOOKMARK [2][-]{subsection.6.2}{ب}{section.6}% 27
